Build started 8/9/2017 12:21:16 AM.
     1>Project "E:\QT_FRAMEWORK\demons_3d_second\demons_3d_second\demons_3d_second.vcxproj" on node 2 (Build target(s)).
     1>CustomBuild:
         Performing Custom Build Tools
         Performing Custom Build Tools
         Performing Custom Build Tools
         Performing Custom Build Tools
         Performing Custom Build Tools
         Performing Custom Build Tools
         Performing Custom Build Tools
         Performing Custom Build Tools
         Performing Custom Build Tools
       ClCompile:
         C:\software\visual studio\VC\bin\x86_amd64\CL.exe /c /I"C:\Program Files\NVIDIA GPU Computing Toolkit\CUDA\v8.0\include" /I"C:\Program Files\NVIDIA GPU Computing Toolkit\CUDA\v8.0\include" /I./ /I../../common/inc /I../ext/qt/include /I../ext/glm/include /I"C:\Program Files\NVIDIA GPU Computing Toolkit\CUDA\v8.0\include" /I./ /I../../common/inc /I"C:\Program Files\NVIDIA GPU Computing Toolkit\CUDA\v8.0\include" /I./ /I../../common/inc /I../ext/qt/include /Zi /nologo /W3 /WX- /Od /D WIN32 /D WIN64 /D _DEBUG /D _CONSOLE /D _MBCS /Gm /EHsc /RTC1 /MDd /GS /fp:precise /Zc:wchar_t /Zc:forScope /Fo"x64\Debug\\" /Fd"x64\Debug\vc120.pdb" /Gd /TP /errorReport:prompt moc_ConsoleWidget.cpp moc_DockWidget.cpp moc_DockWidgetTitleBar.cpp moc_GLWindow.cpp moc_PropertyListWidget.cpp moc_SettingGLWidget.cpp moc_TransferfunWidget.cpp moc_mainwindow.cpp moc_rawvolumewidget.cpp
         moc_rawvolumewidget.cpp
         moc_mainwindow.cpp
         moc_TransferfunWidget.cpp
         moc_SettingGLWidget.cpp
         moc_PropertyListWidget.cpp
         moc_GLWindow.cpp
         moc_DockWidgetTitleBar.cpp
         moc_DockWidget.cpp
         moc_ConsoleWidget.cpp
         Generating Code...
       Link:
         C:\software\visual studio\VC\bin\x86_amd64\link.exe /ERRORREPORT:PROMPT /OUT:"E:\QT_FRAMEWORK\demons_3d_second\x64\Debug\Trackball.exe" /INCREMENTAL /NOLOGO /LIBPATH:"C:\Program Files\NVIDIA GPU Computing Toolkit\CUDA\v8.0\lib\x64" /LIBPATH:"C:\Program Files\NVIDIA GPU Computing Toolkit\CUDA\v8.0\lib\x64" /LIBPATH:../../common/lib/x64 /LIBPATH:"C:\Program Files\NVIDIA GPU Computing Toolkit\CUDA\v8.0\lib\x64" /LIBPATH:../../common/lib/x64 /LIBPATH:../ext/qt/lib SOIL.lib glew32d.lib opengl32.lib cudart.lib kernel32.lib user32.lib gdi32.lib winspool.lib comdlg32.lib advapi32.lib shell32.lib ole32.lib oleaut32.lib uuid.lib odbc32.lib odbccp32.lib Qt5Chartsd.lib Qt5Cored.lib Qt5Guid.lib Qt5OpenGLd.lib Qt5Widgetsd.lib opengl32.lib cudart_static.lib kernel32.lib user32.lib gdi32.lib winspool.lib comdlg32.lib advapi32.lib shell32.lib ole32.lib oleaut32.lib uuid.lib odbc32.lib odbccp32.lib /MANIFEST /MANIFESTUAC:"level='asInvoker' uiAccess='false'" /manifest:embed /DEBUG /PDB:"E:\QT_FRAMEWORK\demons_3d_second\x64\Debug\Trackball.pdb" /SUBSYSTEM:CONSOLE /TLBID:1 /DYNAMICBASE /NXCOMPAT /IMPLIB:"E:\QT_FRAMEWORK\demons_3d_second\x64\Debug\Trackball.lib" /MACHINE:X64 x64\Debug\kernel.cu.obj
         x64\Debug\Camera.obj
         x64\Debug\ConsoleWidget.obj
         x64\Debug\DockWidget.obj
         x64\Debug\DockWidgetTitleBar.obj
         x64\Debug\GLWindow.obj
         x64\Debug\mainwindow.obj
         x64\Debug\moc_ConsoleWidget.obj
         x64\Debug\moc_DockWidget.obj
         x64\Debug\moc_DockWidgetTitleBar.obj
         x64\Debug\moc_GLWindow.obj
         x64\Debug\moc_mainwindow.obj
         x64\Debug\moc_PropertyListWidget.obj
         x64\Debug\moc_rawvolumewidget.obj
         x64\Debug\moc_SettingGLWidget.obj
         x64\Debug\moc_TransferfunWidget.obj
         x64\Debug\PropertyListWidget.obj
         x64\Debug\rawvolumewidget.obj
         x64\Debug\SettingGLWidget.obj
         x64\Debug\Trackball.obj
         x64\Debug\TransferfunWidget.obj
         x64\Debug\VolumeURLPropertyWidget.obj
         demons_3d_second.vcxproj -> E:\QT_FRAMEWORK\demons_3d_second\x64\Debug\Trackball.exe
       PostBuildEvent:
         echo copy "C:\Program Files\NVIDIA GPU Computing Toolkit\CUDA\v8.0\bin\cudart*.dll" "E:\QT_FRAMEWORK\demons_3d_second\x64\Debug\"
         copy "C:\Program Files\NVIDIA GPU Computing Toolkit\CUDA\v8.0\bin\cudart*.dll" "E:\QT_FRAMEWORK\demons_3d_second\x64\Debug\"
         :VCEnd
         copy "C:\Program Files\NVIDIA GPU Computing Toolkit\CUDA\v8.0\bin\cudart*.dll" "E:\QT_FRAMEWORK\demons_3d_second\x64\Debug\"
         C:\Program Files\NVIDIA GPU Computing Toolkit\CUDA\v8.0\bin\cudart32_80.dll
         C:\Program Files\NVIDIA GPU Computing Toolkit\CUDA\v8.0\bin\cudart64_80.dll
                 2 file(s) copied.
     1>Done Building Project "E:\QT_FRAMEWORK\demons_3d_second\demons_3d_second\demons_3d_second.vcxproj" (Build target(s)).

Build succeeded.

Time Elapsed 00:00:10.56
