e:\qt_framework\demons_3d_second\demons_3d_second\x64\debug\vc120.pdb
e:\qt_framework\demons_3d_second\demons_3d_second\x64\debug\vc120.idb
e:\qt_framework\demons_3d_second\demons_3d_second\x64\debug\consolewidget.obj
e:\qt_framework\demons_3d_second\demons_3d_second\x64\debug\dockwidget.obj
e:\qt_framework\demons_3d_second\demons_3d_second\x64\debug\dockwidgettitlebar.obj
e:\qt_framework\demons_3d_second\demons_3d_second\x64\debug\glwindow.obj
e:\qt_framework\demons_3d_second\demons_3d_second\x64\debug\mainwindow.obj
e:\qt_framework\demons_3d_second\demons_3d_second\x64\debug\moc_consolewidget.obj
e:\qt_framework\demons_3d_second\demons_3d_second\x64\debug\moc_dockwidget.obj
e:\qt_framework\demons_3d_second\demons_3d_second\x64\debug\moc_dockwidgettitlebar.obj
e:\qt_framework\demons_3d_second\demons_3d_second\x64\debug\moc_glwindow.obj
e:\qt_framework\demons_3d_second\demons_3d_second\x64\debug\moc_mainwindow.obj
e:\qt_framework\demons_3d_second\demons_3d_second\x64\debug\moc_propertylistwidget.obj
e:\qt_framework\demons_3d_second\demons_3d_second\x64\debug\moc_rawvolumewidget.obj
e:\qt_framework\demons_3d_second\demons_3d_second\x64\debug\moc_settingglwidget.obj
e:\qt_framework\demons_3d_second\demons_3d_second\x64\debug\moc_transferfunwidget.obj
e:\qt_framework\demons_3d_second\demons_3d_second\x64\debug\propertylistwidget.obj
e:\qt_framework\demons_3d_second\demons_3d_second\x64\debug\rawvolumewidget.obj
e:\qt_framework\demons_3d_second\demons_3d_second\x64\debug\settingglwidget.obj
e:\qt_framework\demons_3d_second\demons_3d_second\x64\debug\trackball.obj
e:\qt_framework\demons_3d_second\demons_3d_second\x64\debug\transferfunwidget.obj
e:\qt_framework\demons_3d_second\demons_3d_second\x64\debug\volumeurlpropertywidget.obj
e:\qt_framework\demons_3d_second\demons_3d_second\x64\debug\camera.obj
e:\qt_framework\demons_3d_second\demons_3d_second\moc_mainwindow.cpp
e:\qt_framework\demons_3d_second\demons_3d_second\moc_rawvolumewidget.cpp
e:\qt_framework\demons_3d_second\demons_3d_second\moc_dockwidget.cpp
e:\qt_framework\demons_3d_second\demons_3d_second\moc_dockwidgettitlebar.cpp
e:\qt_framework\demons_3d_second\demons_3d_second\moc_propertylistwidget.cpp
e:\qt_framework\demons_3d_second\demons_3d_second\moc_consolewidget.cpp
e:\qt_framework\demons_3d_second\demons_3d_second\moc_glwindow.cpp
e:\qt_framework\demons_3d_second\demons_3d_second\moc_settingglwidget.cpp
e:\qt_framework\demons_3d_second\demons_3d_second\moc_transferfunwidget.cpp
e:\qt_framework\demons_3d_second\x64\debug\trackball.ilk
e:\qt_framework\demons_3d_second\x64\debug\trackball.exe
e:\qt_framework\demons_3d_second\x64\debug\trackball.pdb
e:\qt_framework\demons_3d_second\demons_3d_second\x64\debug\kernel.cu.cache
e:\qt_framework\demons_3d_second\demons_3d_second\x64\debug\kernel.cu.obj
e:\qt_framework\demons_3d_second\demons_3d_second\x64\debug\trackball.tlog\cl.command.1.tlog
e:\qt_framework\demons_3d_second\demons_3d_second\x64\debug\trackball.tlog\cl.read.1.tlog
e:\qt_framework\demons_3d_second\demons_3d_second\x64\debug\trackball.tlog\cl.write.1.tlog
e:\qt_framework\demons_3d_second\demons_3d_second\x64\debug\trackball.tlog\custombuild.command.1.tlog
e:\qt_framework\demons_3d_second\demons_3d_second\x64\debug\trackball.tlog\custombuild.read.1.tlog
e:\qt_framework\demons_3d_second\demons_3d_second\x64\debug\trackball.tlog\custombuild.write.1.tlog
e:\qt_framework\demons_3d_second\demons_3d_second\x64\debug\trackball.tlog\link.command.1.tlog
e:\qt_framework\demons_3d_second\demons_3d_second\x64\debug\trackball.tlog\link.read.1.tlog
e:\qt_framework\demons_3d_second\demons_3d_second\x64\debug\trackball.tlog\link.write.1.tlog
